<?xml version="1.0" encoding="UTF-8"?>
<!-- Generated by org.testng.reporters.JUnitXMLReporter -->
<testsuite ignored="0" hostname="DESKTOP-U1VNJ3I" failures="1" tests="1" name="Test" time="28.652" errors="0" timestamp="2023-05-09T13:06:17 IST">
  <testcase classname="com.ab.testLayer.SearchFlightTest" name="searchflight" time="0.04">
    <failure type="java.lang.AssertionError" message="expected [false] but found [true]">
      <![CDATA[java.lang.AssertionError: expected [false] but found [true]
at com.ab.testLayer.SearchFlightTest.searchflight(SearchFlightTest.java:15)
at java.base/java.util.ArrayList.forEach(ArrayList.java:1511)
... Removed 29 stack frames]]>
    </failure>
  </testcase> <!-- searchflight -->
</testsuite> <!-- Test -->
