<?xml version="1.0" encoding="UTF-8"?>
<testng-results ignored="0" total="1" passed="1" failed="0" skipped="0">
  <reporter-output>
  </reporter-output>
  <suite started-at="2023-05-09T10:25:46 IST" name="Surefire suite" finished-at="2023-05-09T10:26:35 IST" duration-ms="49456">
    <groups>
    </groups>
    <test started-at="2023-05-09T10:25:46 IST" name="Surefire test" finished-at="2023-05-09T10:26:35 IST" duration-ms="49456">
      <class name="com.ab.testLayer.SearchFlightTest">
        <test-method is-config="true" signature="launchApplication()[pri:0, instance:com.ab.testLayer.SearchFlightTest@15761df8]" started-at="2023-05-09T10:25:46 IST" name="launchApplication" finished-at="2023-05-09T10:26:35 IST" duration-ms="49373" status="PASS">
          <reporter-output>
          </reporter-output>
        </test-method> <!-- launchApplication -->
        <test-method signature="searchflight()[pri:0, instance:com.ab.testLayer.SearchFlightTest@15761df8]" started-at="2023-05-09T10:26:35 IST" name="searchflight" finished-at="2023-05-09T10:26:35 IST" duration-ms="2" status="PASS">
          <reporter-output>
          </reporter-output>
        </test-method> <!-- searchflight -->
      </class> <!-- com.ab.testLayer.SearchFlightTest -->
    </test> <!-- Surefire test -->
  </suite> <!-- Surefire suite -->
</testng-results>
